[2025-05-18 16:55:05.636] [global] [info] [app_context.cc:410] TryGetTrunkConfigPb failed
[2025-05-18 16:55:05.636] [global] [info] [app_context.cc:410] TryGetTrunkConfigPb failed
[2025-05-18 16:55:05.640] [global] [info] [app_context.cc:410] TryGetTrunkConfigPb failed
[2025-05-18 16:55:05.642] [global] [info] [app_context.cc:410] TryGetTrunkConfigPb failed
[2025-05-18 16:55:06.178] [global] [info] [git_source_control.cc:517] Computing merge base between 7fe40f415a3134065938b87a77cab6e2f69501e8 and 4588b96764e1997a5cd88a8d9cbfc53f05e8dab6
[2025-05-18 16:55:06.181] [global] [info] [git_source_control.cc:519] Resolved divergent commit as 0fa6be3895dc6f238a3296e7d82d5527594bb06d
[2025-05-18 16:55:06.215] [global] [info] [app_context.cc:410] TryGetTrunkConfigPb failed
[2025-05-18 16:55:06.216] [global] [info] [app_context.cc:410] TryGetTrunkConfigPb failed
[2025-05-18 16:55:06.217] [global] [info] [app_context.cc:410] TryGetTrunkConfigPb failed
[2025-05-18 16:55:06.218] [global] [info] [app_context.cc:410] TryGetTrunkConfigPb failed
[2025-05-18 16:55:07.126] [global] [info] [git_source_control.cc:517] Computing merge base between 7fe40f415a3134065938b87a77cab6e2f69501e8 and 4588b96764e1997a5cd88a8d9cbfc53f05e8dab6
[2025-05-18 16:55:07.129] [global] [info] [git_source_control.cc:519] Resolved divergent commit as 0fa6be3895dc6f238a3296e7d82d5527594bb06d
[2025-05-18 16:55:07.136] [global] [info] [app_context.cc:410] TryGetTrunkConfigPb failed
[2025-05-18 16:55:07.136] [global] [info] [app_context.cc:410] TryGetTrunkConfigPb failed
[2025-05-18 16:55:07.138] [global] [info] [app_context.cc:410] TryGetTrunkConfigPb failed
[2025-05-18 16:55:07.140] [global] [info] [app_context.cc:410] TryGetTrunkConfigPb failed
[2025-05-18 16:55:08.347] [global] [warning] [runtime.cc:149] 'git_bash' is not enabled but GetVersion() was called
[2025-05-18 16:55:08.349] [global] [info] [git_source_control.cc:517] Computing merge base between 7fe40f415a3134065938b87a77cab6e2f69501e8 and 4588b96764e1997a5cd88a8d9cbfc53f05e8dab6
[2025-05-18 16:55:08.351] [global] [info] [git_source_control.cc:519] Resolved divergent commit as 0fa6be3895dc6f238a3296e7d82d5527594bb06d
[2025-05-18 16:55:08.351] [global] [error] [runtime.cc:160] Prepare called on runtime that is not enabled. Will do nothing
[2025-05-18 16:55:08.353] [global] [info] [app_context.cc:410] TryGetTrunkConfigPb failed
[2025-05-18 16:55:08.353] [global] [info] [app_context.cc:410] TryGetTrunkConfigPb failed
[2025-05-18 16:55:08.355] [global] [info] [app_context.cc:410] TryGetTrunkConfigPb failed
[2025-05-18 16:55:08.356] [global] [info] [app_context.cc:410] TryGetTrunkConfigPb failed
[2025-05-18 16:55:12.564] [global] [info] [git_source_control.cc:517] Computing merge base between 7fe40f415a3134065938b87a77cab6e2f69501e8 and 4588b96764e1997a5cd88a8d9cbfc53f05e8dab6
[2025-05-18 16:55:12.565] [global] [info] [git_source_control.cc:519] Resolved divergent commit as 0fa6be3895dc6f238a3296e7d82d5527594bb06d
[2025-05-18 16:55:12.568] [global] [info] [app_context.cc:410] TryGetTrunkConfigPb failed
[2025-05-18 16:55:12.568] [global] [info] [app_context.cc:410] TryGetTrunkConfigPb failed
[2025-05-18 16:55:12.569] [global] [info] [app_context.cc:410] TryGetTrunkConfigPb failed
[2025-05-18 16:55:12.570] [global] [info] [app_context.cc:410] TryGetTrunkConfigPb failed
[2025-05-18 16:55:14.148] [global] [info] [git_source_control.cc:517] Computing merge base between 7fe40f415a3134065938b87a77cab6e2f69501e8 and 4588b96764e1997a5cd88a8d9cbfc53f05e8dab6
[2025-05-18 16:55:14.150] [global] [info] [git_source_control.cc:519] Resolved divergent commit as 0fa6be3895dc6f238a3296e7d82d5527594bb06d
[2025-05-18 16:55:14.152] [global] [info] [app_context.cc:410] TryGetTrunkConfigPb failed
[2025-05-18 16:55:14.152] [global] [info] [app_context.cc:410] TryGetTrunkConfigPb failed
[2025-05-18 16:55:14.153] [global] [info] [app_context.cc:410] TryGetTrunkConfigPb failed
[2025-05-18 16:55:14.154] [global] [info] [app_context.cc:410] TryGetTrunkConfigPb failed
[2025-05-18 17:14:38.578] [global] [info] [runner.cc:154] Executing action trunk-upgrade-available.schedule.1h
[2025-05-18 17:14:38.578] [global] [warning] [runtime.cc:149] 'git_bash' is not enabled but GetVersion() was called
[2025-05-18 17:14:38.581] [global] [error] [runtime.cc:160] Prepare called on runtime that is not enabled. Will do nothing
[2025-05-18 17:20:36.936] [global] [info] [grpc.cc:27] TX:virtual grpc::Status trunk::cli::UpgradeService::GetAvailableUpgrades(grpc::ServerContext *, const upgrade::proto::v1::GetAvailableUpgradesRequest *, grpc::ServerWriter<upgrade::proto::v1::GetAvailableUpgradesResponse> *) status=OK
[2025-05-18 17:20:36.948] [global] [info] [windows_monitor_impl.cc:182] Received cancel signal for monitor
[2025-05-18 17:20:36.949] [global] [info] [windows_monitor_impl.cc:90] Closing monitor worker
[2025-05-18 17:20:36.950] [global] [info] [windows_monitor_impl.cc:224] Monitor shutdown complete. Closing handles
[2025-05-18 17:20:36.950] [global] [info] [windows_monitor_impl.cc:232] Closed monitor canceller handle
[2025-05-18 17:20:36.950] [global] [info] [windows_monitor_impl.cc:237] Closed monitor overlap handle
[2025-05-18 17:20:36.950] [global] [info] [windows_monitor_impl.cc:242] Closed monitor workspace handle
[2025-05-18 17:20:36.955] [global] [warning] [windows_monitor_impl.cc:226] Unable to join thread on monitor shutdown
[2025-05-18 17:20:36.956] [global] [info] [windows_monitor_impl.cc:232] Closed monitor canceller handle
[2025-05-18 17:20:36.956] [global] [info] [windows_monitor_impl.cc:237] Closed monitor overlap handle
[2025-05-18 17:20:36.956] [global] [info] [windows_monitor_impl.cc:242] Closed monitor workspace handle
[2025-05-18 17:20:37.001] [global] [info] [service.cc:162] Writing notification state to file
